2024-12-04 22:38:38,878 - Uiauto2Bar - INFO - Starting preset...
2024-12-04 22:38:38,986 - Uiauto2Bar - INFO - Start recording...
2024-12-04 22:38:38,993 - Uiauto2Bar - INFO - option_dict: {'recording': True, 'scrcpy_process': <subprocess.Popen object at 0x000001948BC64EB0>}
2024-12-04 22:38:38,993 - Uiauto2Bar - INFO - recording savepath: C:\MCodes\PyCodes\AppPro\logs\ALNYGL3911000015-20241204_223838.mp4
2024-12-04 22:38:40,603 - Uiauto2Bar - INFO - Starting preset...
2024-12-04 22:38:40,690 - Uiauto2Bar - INFO - Start recording...
2024-12-04 22:38:40,698 - Uiauto2Bar - INFO - option_dict: {'recording': True, 'scrcpy_process': <subprocess.Popen object at 0x000001948BCB46D0>}
2024-12-04 22:38:40,699 - Uiauto2Bar - INFO - recording savepath: C:\MCodes\PyCodes\AppPro\logs\f800062f-20241204_223840.mp4
2024-12-04 22:38:47,008 - Uiauto2Bar - INFO - Screenshot savePath: ALNYGL3911000015_20241204_223846.png 
2024-12-04 22:38:47,122 - Uiauto2Bar - INFO - stopping service...
2024-12-04 22:38:47,122 - Uiauto2Bar - INFO - Stopping recording...
2024-12-04 22:38:48,815 - Uiauto2Bar - INFO - Screenshot savePath: f800062f_20241204_223848.png 
2024-12-04 22:38:48,837 - Uiauto2Bar - INFO - stopping service...
2024-12-04 22:38:48,837 - Uiauto2Bar - INFO - Stopping recording...
2024-12-04 22:40:12,717 - Uiauto2Bar - INFO - Starting preset...
2024-12-04 22:40:12,778 - Uiauto2Bar - INFO - Start recording...
2024-12-04 22:40:12,785 - Uiauto2Bar - INFO - option_dict: {'recording': True, 'scrcpy_process': <subprocess.Popen object at 0x00000200C091F070>}
2024-12-04 22:40:12,785 - Uiauto2Bar - INFO - recording savepath: C:\MCodes\PyCodes\AppPro\logs\f800062f-20241204_224012.mp4
2024-12-04 22:40:14,434 - Uiauto2Bar - INFO - Starting preset...
2024-12-04 22:40:14,543 - Uiauto2Bar - INFO - Start recording...
2024-12-04 22:40:14,551 - Uiauto2Bar - INFO - option_dict: {'recording': True, 'scrcpy_process': <subprocess.Popen object at 0x00000200C093F910>}
2024-12-04 22:40:14,551 - Uiauto2Bar - INFO - recording savepath: C:\MCodes\PyCodes\AppPro\logs\ALNYGL3911000015-20241204_224014.mp4
2024-12-04 22:40:19,500 - Uiauto2Bar - INFO - Screenshot savePath: f800062f_20241204_224018.png 
2024-12-04 22:40:19,613 - Uiauto2Bar - INFO - stopping service...
2024-12-04 22:40:19,613 - Uiauto2Bar - INFO - Stopping recording...
2024-12-04 22:40:24,578 - Uiauto2Bar - INFO - Screenshot savePath: ALNYGL3911000015_20241204_224024.png 
2024-12-04 22:40:24,588 - Uiauto2Bar - INFO - stopping service...
2024-12-04 22:40:24,588 - Uiauto2Bar - INFO - Stopping recording...
2024-12-04 22:42:11,246 - Uiauto2Bar - INFO - Starting preset...
2024-12-04 22:42:11,259 - Uiauto2Bar - INFO - Starting preset...
2024-12-04 22:42:11,349 - Uiauto2Bar - INFO - Start recording...
2024-12-04 22:42:11,357 - Uiauto2Bar - INFO - option_dict: {'recording': True, 'scrcpy_process': <subprocess.Popen object at 0x0000018EB8071D30>}
2024-12-04 22:42:11,357 - Uiauto2Bar - INFO - recording savepath: C:\MCodes\PyCodes\AppPro\logs\f800062f-20241204_224211.mp4
2024-12-04 22:42:11,367 - Uiauto2Bar - INFO - Start recording...
2024-12-04 22:42:11,373 - Uiauto2Bar - INFO - option_dict: {'recording': True, 'scrcpy_process': <subprocess.Popen object at 0x0000016B79253CD0>}
2024-12-04 22:42:11,373 - Uiauto2Bar - INFO - recording savepath: C:\MCodes\PyCodes\AppPro\logs\ALNYGL3911000015-20241204_224211.mp4
2024-12-04 22:42:19,124 - Uiauto2Bar - INFO - Screenshot savePath: ALNYGL3911000015_20241204_224218.png 
2024-12-04 22:42:19,227 - Uiauto2Bar - INFO - stopping service...
2024-12-04 22:42:19,227 - Uiauto2Bar - INFO - Stopping recording...
2024-12-04 22:42:39,848 - Uiauto2Bar - INFO - stopping service...
2024-12-04 22:42:39,848 - Uiauto2Bar - INFO - Stopping recording...
2024-12-04 22:45:28,006 - Uiauto2Bar - INFO - Starting preset...
2024-12-04 22:45:28,094 - Uiauto2Bar - INFO - Start recording...
2024-12-04 22:45:28,101 - Uiauto2Bar - INFO - option_dict: {'recording': True, 'scrcpy_process': <subprocess.Popen object at 0x00000231E61D6040>}
2024-12-04 22:45:28,101 - Uiauto2Bar - INFO - recording savepath: C:\MCodes\PyCodes\AppPro\logs\ALNYGL3911000015-20241204_224528.mp4
2024-12-04 22:45:49,143 - Uiauto2Bar - INFO - Screenshot savePath: ALNYGL3911000015_20241204_224548.png 
2024-12-04 22:45:49,258 - Uiauto2Bar - INFO - stopping service...
2024-12-04 22:45:49,258 - Uiauto2Bar - INFO - Stopping recording...
2024-12-04 22:48:26,225 - Uiauto2Bar - INFO - Starting preset...
2024-12-04 22:48:26,309 - Uiauto2Bar - INFO - Start recording...
2024-12-04 22:48:26,320 - Uiauto2Bar - INFO - option_dict: {'recording': True, 'scrcpy_process': <subprocess.Popen object at 0x000002162CB33580>}
2024-12-04 22:48:26,320 - Uiauto2Bar - INFO - recording savepath: C:\MCodes\PyCodes\AppPro\logs\ALNYGL3911000015-20241204_224826.mp4
2024-12-04 22:51:32,459 - Uiauto2Bar - INFO - Starting preset...
2024-12-04 22:51:32,466 - Uiauto2Bar - INFO - Starting preset...
2024-12-04 22:51:32,534 - Uiauto2Bar - INFO - Start recording...
2024-12-04 22:51:32,541 - Uiauto2Bar - INFO - option_dict: {'recording': True, 'scrcpy_process': <subprocess.Popen object at 0x000001DD6E4D9700>}
2024-12-04 22:51:32,542 - Uiauto2Bar - INFO - recording savepath: C:\MCodes\PyCodes\AppPro\logs\ALNYGL3911000015-20241204_225132.mp4
2024-12-04 22:51:32,570 - Uiauto2Bar - INFO - Start recording...
2024-12-04 22:51:32,576 - Uiauto2Bar - INFO - option_dict: {'recording': True, 'scrcpy_process': <subprocess.Popen object at 0x00000242E12B8340>}
2024-12-04 22:51:32,577 - Uiauto2Bar - INFO - recording savepath: C:\MCodes\PyCodes\AppPro\logs\f800062f-20241204_225132.mp4
2024-12-04 22:51:47,033 - Uiauto2Bar - INFO - Screenshot savePath: f800062f_20241204_225146.png 
2024-12-04 22:51:47,145 - Uiauto2Bar - INFO - stopping service...
2024-12-04 22:51:47,146 - Uiauto2Bar - INFO - Stopping recording...
2024-12-04 22:51:50,550 - Uiauto2Bar - INFO - Screenshot savePath: ALNYGL3911000015_20241204_225150.png 
2024-12-04 22:51:50,665 - Uiauto2Bar - INFO - stopping service...
2024-12-04 22:51:50,666 - Uiauto2Bar - INFO - Stopping recording...
2024-12-04 22:55:18,240 - Uiauto2Bar - INFO - Starting preset...
2024-12-04 22:55:18,265 - Uiauto2Bar - INFO - Starting preset...
2024-12-04 22:55:18,369 - Uiauto2Bar - INFO - Start recording...
2024-12-04 22:55:18,377 - Uiauto2Bar - INFO - option_dict: {'recording': True, 'scrcpy_process': <subprocess.Popen object at 0x00000193C0E992B0>}
2024-12-04 22:55:18,378 - Uiauto2Bar - INFO - recording savepath: C:\MCodes\PyCodes\AppPro\logs\f800062f-20241204_225518.mp4
2024-12-04 22:55:18,386 - Uiauto2Bar - INFO - Start recording...
2024-12-04 22:55:18,392 - Uiauto2Bar - INFO - option_dict: {'recording': True, 'scrcpy_process': <subprocess.Popen object at 0x0000020DB74297F0>}
2024-12-04 22:55:18,392 - Uiauto2Bar - INFO - recording savepath: C:\MCodes\PyCodes\AppPro\logs\ALNYGL3911000015-20241204_225518.mp4
2024-12-04 22:55:39,053 - Uiauto2Bar - INFO - Screenshot savePath: ALNYGL3911000015_20241204_225538.png 
2024-12-04 22:55:39,183 - Uiauto2Bar - INFO - stopping service...
2024-12-04 22:55:39,183 - Uiauto2Bar - INFO - Stopping recording...
2024-12-04 22:55:44,947 - Uiauto2Bar - INFO - stopping service...
2024-12-04 22:55:44,947 - Uiauto2Bar - INFO - Stopping recording...
2024-12-04 22:59:56,990 - Uiauto2Bar - INFO - Starting preset...
2024-12-04 22:59:57,052 - Uiauto2Bar - INFO - Starting preset...
2024-12-04 22:59:57,096 - Uiauto2Bar - INFO - Start recording...
2024-12-04 22:59:57,103 - Uiauto2Bar - INFO - option_dict: {'recording': True, 'scrcpy_process': <subprocess.Popen object at 0x000001CC0B5A6AC0>}
2024-12-04 22:59:57,103 - Uiauto2Bar - INFO - recording savepath: C:\MCodes\PyCodes\AppPro\logs\ALNYGL3911000015-20241204_225957.mp4
2024-12-04 22:59:57,134 - Uiauto2Bar - INFO - Start recording...
2024-12-04 22:59:57,140 - Uiauto2Bar - INFO - option_dict: {'recording': True, 'scrcpy_process': <subprocess.Popen object at 0x000002CE17A91D30>}
2024-12-04 22:59:57,141 - Uiauto2Bar - INFO - recording savepath: C:\MCodes\PyCodes\AppPro\logs\f800062f-20241204_225957.mp4
2024-12-04 23:00:08,079 - Uiauto2Bar - INFO - Screenshot savePath: f800062f_20241204_230007.png 
2024-12-04 23:00:08,193 - Uiauto2Bar - INFO - stopping service...
2024-12-04 23:00:08,193 - Uiauto2Bar - INFO - Stopping recording...
2024-12-04 23:02:18,061 - Uiauto2Bar - INFO - Starting preset...
2024-12-04 23:02:18,135 - Uiauto2Bar - INFO - Start recording...
2024-12-04 23:02:18,142 - Uiauto2Bar - INFO - option_dict: {'recording': True, 'scrcpy_process': <subprocess.Popen object at 0x00000165352401C0>}
2024-12-04 23:02:18,142 - Uiauto2Bar - INFO - recording savepath: C:\MCodes\PyCodes\AppPro\logs\ALNYGL3911000015-20241204_230218.mp4
2024-12-04 23:02:19,586 - Uiauto2Bar - INFO - Starting preset...
2024-12-04 23:02:19,660 - Uiauto2Bar - INFO - Start recording...
2024-12-04 23:02:19,666 - Uiauto2Bar - INFO - option_dict: {'recording': True, 'scrcpy_process': <subprocess.Popen object at 0x0000027C5D52A2B0>}
2024-12-04 23:02:19,666 - Uiauto2Bar - INFO - recording savepath: C:\MCodes\PyCodes\AppPro\logs\f800062f-20241204_230219.mp4
2024-12-04 23:02:28,510 - Uiauto2Bar - INFO - Screenshot savePath: ALNYGL3911000015_20241204_230227.png 
2024-12-04 23:02:28,615 - Uiauto2Bar - INFO - stopping service...
2024-12-04 23:02:28,615 - Uiauto2Bar - INFO - Stopping recording...
2024-12-04 23:02:42,899 - Uiauto2Bar - INFO - stopping service...
2024-12-04 23:02:42,900 - Uiauto2Bar - INFO - Stopping recording...
2024-12-04 23:11:57,668 - Uiauto2Bar - INFO - Starting preset...
2024-12-04 23:11:57,676 - Uiauto2Bar - INFO - Starting preset...
2024-12-04 23:11:57,800 - Uiauto2Bar - INFO - Start recording...
2024-12-04 23:11:57,808 - Uiauto2Bar - INFO - option_dict: {'recording': True, 'scrcpy_process': <subprocess.Popen object at 0x0000015EBF92AEE0>}
2024-12-04 23:11:57,808 - Uiauto2Bar - INFO - recording savepath: C:\MCodes\PyCodes\AppPro\logs\ALNYGL3911000015-20241204_231157.mp4
2024-12-04 23:11:57,950 - Uiauto2Bar - INFO - Start recording...
2024-12-04 23:11:57,955 - Uiauto2Bar - INFO - option_dict: {'recording': True, 'scrcpy_process': <subprocess.Popen object at 0x0000023505F2AEB0>}
2024-12-04 23:11:57,956 - Uiauto2Bar - INFO - recording savepath: C:\MCodes\PyCodes\AppPro\logs\f800062f-20241204_231157.mp4
2024-12-04 23:13:25,629 - Uiauto2Bar - INFO - Starting preset...
2024-12-04 23:13:25,643 - Uiauto2Bar - INFO - Starting preset...
2024-12-04 23:13:25,711 - Uiauto2Bar - INFO - Start recording...
2024-12-04 23:13:25,718 - Uiauto2Bar - INFO - option_dict: {'recording': True, 'scrcpy_process': <subprocess.Popen object at 0x0000021F748038B0>}
2024-12-04 23:13:25,718 - Uiauto2Bar - INFO - recording savepath: C:\MCodes\PyCodes\AppPro\logs\f800062f-20241204_231325.mp4
2024-12-04 23:13:25,762 - Uiauto2Bar - INFO - Start recording...
2024-12-04 23:13:25,769 - Uiauto2Bar - INFO - option_dict: {'recording': True, 'scrcpy_process': <subprocess.Popen object at 0x00000143A1894070>}
2024-12-04 23:13:25,769 - Uiauto2Bar - INFO - recording savepath: C:\MCodes\PyCodes\AppPro\logs\ALNYGL3911000015-20241204_231325.mp4
2024-12-04 23:14:58,017 - Uiauto2Bar - INFO - Starting preset...
2024-12-04 23:14:58,091 - Uiauto2Bar - INFO - Start recording...
2024-12-04 23:14:58,098 - Uiauto2Bar - INFO - option_dict: {'recording': True, 'scrcpy_process': <subprocess.Popen object at 0x0000021EDA27DE80>}
2024-12-04 23:14:58,098 - Uiauto2Bar - INFO - recording savepath: C:\MCodes\PyCodes\AppPro\logs\ALNYGL3911000015-20241204_231458.mp4
2024-12-04 23:14:58,990 - Uiauto2Bar - INFO - Starting preset...
2024-12-04 23:14:59,080 - Uiauto2Bar - INFO - Start recording...
2024-12-04 23:14:59,088 - Uiauto2Bar - INFO - option_dict: {'recording': True, 'scrcpy_process': <subprocess.Popen object at 0x000001FD62F5ACA0>}
2024-12-04 23:14:59,088 - Uiauto2Bar - INFO - recording savepath: C:\MCodes\PyCodes\AppPro\logs\f800062f-20241204_231459.mp4
2024-12-04 23:16:09,669 - Uiauto2Bar - INFO - Starting preset...
2024-12-04 23:16:09,675 - Uiauto2Bar - INFO - Starting preset...
2024-12-04 23:16:09,754 - Uiauto2Bar - INFO - Start recording...
2024-12-04 23:16:09,761 - Uiauto2Bar - INFO - option_dict: {'recording': True, 'scrcpy_process': <subprocess.Popen object at 0x0000026699C8A2B0>}
2024-12-04 23:16:09,761 - Uiauto2Bar - INFO - recording savepath: C:\MCodes\PyCodes\AppPro\logs\f800062f-20241204_231609.mp4
2024-12-04 23:16:09,769 - Uiauto2Bar - INFO - Start recording...
2024-12-04 23:16:09,774 - Uiauto2Bar - INFO - option_dict: {'recording': True, 'scrcpy_process': <subprocess.Popen object at 0x0000015189E51C70>}
2024-12-04 23:16:09,775 - Uiauto2Bar - INFO - recording savepath: C:\MCodes\PyCodes\AppPro\logs\ALNYGL3911000015-20241204_231609.mp4
2024-12-04 23:16:34,218 - Uiauto2Bar - INFO - Screenshot savePath: ALNYGL3911000015_20241204_231633.png 
2024-12-04 23:16:34,345 - Uiauto2Bar - INFO - stopping service...
2024-12-04 23:16:34,345 - Uiauto2Bar - INFO - Stopping recording...
2024-12-04 23:18:55,295 - Uiauto2Bar - INFO - Starting preset...
2024-12-04 23:18:55,349 - Uiauto2Bar - INFO - Starting preset...
2024-12-04 23:18:55,407 - Uiauto2Bar - INFO - Start recording...
2024-12-04 23:18:55,414 - Uiauto2Bar - INFO - option_dict: {'recording': True, 'scrcpy_process': <subprocess.Popen object at 0x00000253E5451D30>}
2024-12-04 23:18:55,414 - Uiauto2Bar - INFO - recording savepath: C:\MCodes\PyCodes\AppPro\logs\f800062f-20241204_231855.mp4
2024-12-04 23:18:55,443 - Uiauto2Bar - INFO - Start recording...
2024-12-04 23:18:55,449 - Uiauto2Bar - INFO - option_dict: {'recording': True, 'scrcpy_process': <subprocess.Popen object at 0x0000019054F2D1C0>}
2024-12-04 23:18:55,449 - Uiauto2Bar - INFO - recording savepath: C:\MCodes\PyCodes\AppPro\logs\ALNYGL3911000015-20241204_231855.mp4
2024-12-04 23:20:01,131 - Uiauto2Bar - INFO - Starting preset...
2024-12-04 23:20:01,224 - Uiauto2Bar - INFO - Start recording...
2024-12-04 23:20:01,231 - Uiauto2Bar - INFO - option_dict: {'recording': True, 'scrcpy_process': <subprocess.Popen object at 0x0000027509741DC0>}
2024-12-04 23:20:01,231 - Uiauto2Bar - INFO - recording savepath: C:\MCodes\PyCodes\AppPro\logs\ALNYGL3911000015-20241204_232001.mp4
2024-12-04 23:20:01,242 - Uiauto2Bar - INFO - Starting preset...
2024-12-04 23:20:01,321 - Uiauto2Bar - INFO - Start recording...
2024-12-04 23:20:01,328 - Uiauto2Bar - INFO - option_dict: {'recording': True, 'scrcpy_process': <subprocess.Popen object at 0x0000024470F540D0>}
2024-12-04 23:20:01,328 - Uiauto2Bar - INFO - recording savepath: C:\MCodes\PyCodes\AppPro\logs\f800062f-20241204_232001.mp4
2024-12-04 23:21:00,249 - Uiauto2Bar - INFO - Starting preset...
2024-12-04 23:21:00,372 - Uiauto2Bar - INFO - Start recording...
2024-12-04 23:21:00,379 - Uiauto2Bar - INFO - option_dict: {'recording': True, 'scrcpy_process': <subprocess.Popen object at 0x00000137F8023EE0>}
2024-12-04 23:21:00,380 - Uiauto2Bar - INFO - recording savepath: C:\MCodes\PyCodes\AppPro\logs\ALNYGL3911000015-20241204_232100.mp4
2024-12-04 23:21:20,134 - Uiauto2Bar - INFO - Starting preset...
2024-12-04 23:21:20,285 - Uiauto2Bar - INFO - Start recording...
2024-12-04 23:21:20,292 - Uiauto2Bar - INFO - option_dict: {'recording': True, 'scrcpy_process': <subprocess.Popen object at 0x000001A0C51B1C70>}
2024-12-04 23:21:20,292 - Uiauto2Bar - INFO - recording savepath: C:\MCodes\PyCodes\AppPro\logs\ALNYGL3911000015-20241204_232120.mp4
2024-12-04 23:21:21,593 - Uiauto2Bar - INFO - Starting preset...
2024-12-04 23:21:21,688 - Uiauto2Bar - INFO - Start recording...
2024-12-04 23:21:21,694 - Uiauto2Bar - INFO - option_dict: {'recording': True, 'scrcpy_process': <subprocess.Popen object at 0x000001E67B693D00>}
2024-12-04 23:21:21,694 - Uiauto2Bar - INFO - recording savepath: C:\MCodes\PyCodes\AppPro\logs\f800062f-20241204_232121.mp4
2024-12-04 23:21:42,046 - Uiauto2Bar - INFO - Screenshot savePath: ALNYGL3911000015_20241204_232141.png 
2024-12-04 23:21:42,163 - Uiauto2Bar - INFO - stopping service...
2024-12-04 23:21:42,163 - Uiauto2Bar - INFO - Stopping recording...
2024-12-04 23:23:39,200 - Uiauto2Bar - INFO - Starting preset...
2024-12-04 23:23:39,310 - Uiauto2Bar - INFO - Start recording...
2024-12-04 23:23:39,316 - Uiauto2Bar - INFO - option_dict: {'recording': True, 'scrcpy_process': <subprocess.Popen object at 0x00000178C548A2E0>}
2024-12-04 23:23:39,316 - Uiauto2Bar - INFO - recording savepath: C:\MCodes\PyCodes\AppPro\logs\ALNYGL3911000015-20241204_232339.mp4
2024-12-04 23:23:41,301 - Uiauto2Bar - INFO - Starting preset...
2024-12-04 23:23:41,374 - Uiauto2Bar - INFO - Start recording...
2024-12-04 23:23:41,380 - Uiauto2Bar - INFO - option_dict: {'recording': True, 'scrcpy_process': <subprocess.Popen object at 0x0000019184B72D90>}
2024-12-04 23:23:41,380 - Uiauto2Bar - INFO - recording savepath: C:\MCodes\PyCodes\AppPro\logs\f800062f-20241204_232341.mp4
2024-12-04 23:24:02,190 - Uiauto2Bar - INFO - Screenshot savePath: ALNYGL3911000015_20241204_232401.png 
2024-12-04 23:24:02,310 - Uiauto2Bar - INFO - stopping service...
2024-12-04 23:24:02,310 - Uiauto2Bar - INFO - Stopping recording...
2024-12-04 23:24:08,032 - Uiauto2Bar - INFO - stopping service...
2024-12-04 23:24:08,032 - Uiauto2Bar - INFO - Stopping recording...
2024-12-04 23:25:21,254 - Uiauto2Bar - INFO - Starting preset...
2024-12-04 23:25:21,340 - Uiauto2Bar - INFO - Start recording...
2024-12-04 23:25:21,349 - Uiauto2Bar - INFO - option_dict: {'recording': True, 'scrcpy_process': <subprocess.Popen object at 0x000002A009DFCAC0>}
2024-12-04 23:25:21,349 - Uiauto2Bar - INFO - recording savepath: C:\MCodes\PyCodes\AppPro\logs\ALNYGL3911000015-20241204_232521.mp4
2024-12-04 23:31:45,831 - Uiauto2Bar - INFO - Starting preset...
2024-12-04 23:31:45,922 - Uiauto2Bar - INFO - Start recording...
2024-12-04 23:31:45,929 - Uiauto2Bar - INFO - option_dict: {'recording': True, 'scrcpy_process': <subprocess.Popen object at 0x000002600A709700>}
2024-12-04 23:31:45,929 - Uiauto2Bar - INFO - recording savepath: C:\MCodes\PyCodes\AppPro\logs\ALNYGL3911000015-20241204_233145.mp4
2024-12-04 23:31:47,837 - Uiauto2Bar - INFO - Starting preset...
2024-12-04 23:31:47,934 - Uiauto2Bar - INFO - Start recording...
2024-12-04 23:31:47,940 - Uiauto2Bar - INFO - option_dict: {'recording': True, 'scrcpy_process': <subprocess.Popen object at 0x0000016FAE1E2B50>}
2024-12-04 23:31:47,940 - Uiauto2Bar - INFO - recording savepath: C:\MCodes\PyCodes\AppPro\logs\f800062f-20241204_233147.mp4
2024-12-04 23:32:09,543 - Uiauto2Bar - INFO - Screenshot savePath: ALNYGL3911000015_20241204_233208.png 
2024-12-04 23:32:09,649 - Uiauto2Bar - INFO - stopping service...
2024-12-04 23:32:09,649 - Uiauto2Bar - INFO - Stopping recording...
2024-12-04 23:32:14,087 - Uiauto2Bar - INFO - stopping service...
2024-12-04 23:32:14,087 - Uiauto2Bar - INFO - Stopping recording...
2024-12-04 23:37:26,405 - Uiauto2Bar - INFO - Starting preset...
2024-12-04 23:37:26,520 - Uiauto2Bar - INFO - Start recording...
2024-12-04 23:37:26,526 - Uiauto2Bar - INFO - option_dict: {'recording': True, 'scrcpy_process': <subprocess.Popen object at 0x0000023BE4756A60>}
2024-12-04 23:37:26,526 - Uiauto2Bar - INFO - recording savepath: C:\MCodes\PyCodes\AppPro\logs\ALNYGL3911000015-20241204_233726.mp4
2024-12-04 23:37:27,879 - Uiauto2Bar - INFO - Starting preset...
2024-12-04 23:37:27,962 - Uiauto2Bar - INFO - Start recording...
2024-12-04 23:37:27,968 - Uiauto2Bar - INFO - option_dict: {'recording': True, 'scrcpy_process': <subprocess.Popen object at 0x0000027D2DC92C70>}
2024-12-04 23:37:27,969 - Uiauto2Bar - INFO - recording savepath: C:\MCodes\PyCodes\AppPro\logs\f800062f-20241204_233727.mp4
2024-12-04 23:37:50,598 - Uiauto2Bar - INFO - stopping service...
2024-12-04 23:37:50,598 - Uiauto2Bar - INFO - Stopping recording...
2024-12-04 23:37:53,939 - Uiauto2Bar - INFO - stopping service...
2024-12-04 23:37:53,939 - Uiauto2Bar - INFO - Stopping recording...
